<?xml version="1.0" encoding="UTF-8"?>
<!-- Generated by org.testng.reporters.JUnitReportReporter -->
<testsuite hostname="INCHNQP0068" failures="0" tests="4" name="com.open.functional.TestNgTest" time="5.776" errors="0" timestamp="20 Jun 2019 13:51:51 GMT" skipped="0">
  <testcase classname="com.open.functional.TestNgTest" name="testEndPoint" time="2.279"/>
  <testcase classname="com.open.functional.TestNgTest" name="testAddMovies" time="2.480"/>
  <testcase classname="com.open.functional.TestNgTest" name="testGetMovies" time="0.087"/>
  <testcase classname="com.open.functional.TestNgTest" name="testMoviesById" time="0.930"/>
</testsuite> <!-- com.open.functional.TestNgTest -->
