<?xml version="1.0" encoding="UTF-8"?>
<!-- Generated by org.testng.reporters.JUnitReportReporter -->
<testsuite hostname="INCHNQP0068" failures="0" tests="4" name="com.open.functional.MoviesTest" time="3.547" errors="0" timestamp="21 Jun 2019 10:24:56 GMT" skipped="0">
  <testcase classname="com.open.functional.MoviesTest" name="testEndPoint" time="1.408"/>
  <testcase classname="com.open.functional.MoviesTest" name="testAddMovies" time="1.436"/>
  <testcase classname="com.open.functional.MoviesTest" name="testGetMovies" time="0.539"/>
  <testcase classname="com.open.functional.MoviesTest" name="testMoviesById" time="0.164"/>
</testsuite> <!-- com.open.functional.MoviesTest -->
